<?xml version="1.0" encoding="UTF-8"?>
<testng-results ignored="0" total="1" passed="1" failed="0" skipped="0">
  <reporter-output>
    <line>
      <![CDATA[Asianlink.ai is Launched<br>]]>
    </line>
    <line>
      <![CDATA[Accept Cookies<br>]]>
    </line>
    <line>
      <![CDATA[Clicked About on the Navigation Bar<br>]]>
    </line>
    <line>
      <![CDATA[<br>Hovered on: Kevin D Keng]]>
    </line>
    <line>
      <![CDATA[<br>Hovered on: Jose Czarauz Parra]]>
    </line>
    <line>
      <![CDATA[<br>Hovered on: Cesar De Guzman]]>
    </line>
    <line>
      <![CDATA[<br>Hovered on: Maria Melanie De Leon]]>
    </line>
    <line>
      <![CDATA[<br>Hovered on: Dexter Ganibe]]>
    </line>
    <line>
      <![CDATA[<br>Hovered on: Erick Dela Rosa]]>
    </line>
    <line>
      <![CDATA[<br>Hovered on: Raquel Mallannao]]>
    </line>
    <line>
      <![CDATA[<br>Hovered on: Jason Isaac Benitez]]>
    </line>
  </reporter-output>
  <suite started-at="2025-03-05T13:58:33 PST" name="Command line suite" finished-at="2025-03-05T13:59:25 PST" duration-ms="52512">
    <groups>
    </groups>
    <test started-at="2025-03-05T13:58:33 PST" name="Command line test" finished-at="2025-03-05T13:59:25 PST" duration-ms="52512">
      <class name="tests.aboutPage">
        <test-method is-config="true" signature="setup()[pri:0, instance:tests.aboutPage@17211155]" started-at="2025-03-05T13:58:33 PST" name="setup" finished-at="2025-03-05T13:58:34 PST" duration-ms="1292" status="PASS">
          <reporter-output>
          </reporter-output>
        </test-method> <!-- setup -->
        <test-method signature="aboutsPageTest()[pri:0, instance:tests.aboutPage@17211155]" started-at="2025-03-05T13:58:34 PST" name="aboutsPageTest" finished-at="2025-03-05T13:59:25 PST" duration-ms="50995" status="PASS">
          <reporter-output>
            <line>
              <![CDATA[Asianlink.ai is Launched<br>]]>
            </line>
            <line>
              <![CDATA[Accept Cookies<br>]]>
            </line>
            <line>
              <![CDATA[Clicked About on the Navigation Bar<br>]]>
            </line>
            <line>
              <![CDATA[<br>Hovered on: Kevin D Keng]]>
            </line>
            <line>
              <![CDATA[<br>Hovered on: Jose Czarauz Parra]]>
            </line>
            <line>
              <![CDATA[<br>Hovered on: Cesar De Guzman]]>
            </line>
            <line>
              <![CDATA[<br>Hovered on: Maria Melanie De Leon]]>
            </line>
            <line>
              <![CDATA[<br>Hovered on: Dexter Ganibe]]>
            </line>
            <line>
              <![CDATA[<br>Hovered on: Erick Dela Rosa]]>
            </line>
            <line>
              <![CDATA[<br>Hovered on: Raquel Mallannao]]>
            </line>
            <line>
              <![CDATA[<br>Hovered on: Jason Isaac Benitez]]>
            </line>
          </reporter-output>
        </test-method> <!-- aboutsPageTest -->
        <test-method is-config="true" signature="teardown()[pri:0, instance:tests.aboutPage@17211155]" started-at="2025-03-05T13:59:25 PST" name="teardown" finished-at="2025-03-05T13:59:25 PST" duration-ms="188" status="PASS">
          <reporter-output>
          </reporter-output>
        </test-method> <!-- teardown -->
      </class> <!-- tests.aboutPage -->
    </test> <!-- Command line test -->
  </suite> <!-- Command line suite -->
</testng-results>
