<?xml version="1.0" encoding="UTF-8"?>
<testng-results ignored="0" total="3" passed="3" failed="0" skipped="0">
  <reporter-output>
  </reporter-output>
  <suite started-at="2025-02-28T15:12:38 PST" name="Default suite" finished-at="2025-02-28T15:13:28 PST" duration-ms="50233">
    <groups>
    </groups>
    <test started-at="2025-02-28T15:12:38 PST" name="Default test" finished-at="2025-02-28T15:13:28 PST" duration-ms="50233">
      <class name="tests.playStoreTest">
        <test-method is-config="true" signature="setup()[pri:0, instance:tests.playStoreTest@445b295b]" started-at="2025-02-28T15:12:38 PST" name="setup" finished-at="2025-02-28T15:12:39 PST" duration-ms="1129" status="PASS">
          <reporter-output>
          </reporter-output>
        </test-method> <!-- setup -->
        <test-method signature="testPlayStoreLink()[pri:0, instance:tests.playStoreTest@445b295b]" started-at="2025-02-28T15:12:39 PST" name="testPlayStoreLink" finished-at="2025-02-28T15:12:45 PST" duration-ms="6266" status="PASS">
          <reporter-output>
          </reporter-output>
        </test-method> <!-- testPlayStoreLink -->
        <test-method is-config="true" signature="teardown()[pri:0, instance:tests.playStoreTest@445b295b]" started-at="2025-02-28T15:12:45 PST" name="teardown" finished-at="2025-02-28T15:12:45 PST" duration-ms="226" status="PASS">
          <reporter-output>
          </reporter-output>
        </test-method> <!-- teardown -->
      </class> <!-- tests.playStoreTest -->
      <class name="tests.aboutPage">
        <test-method is-config="true" signature="setup()[pri:0, instance:tests.aboutPage@fd07cbb]" started-at="2025-02-28T15:12:45 PST" name="setup" finished-at="2025-02-28T15:12:46 PST" duration-ms="729" status="PASS">
          <reporter-output>
          </reporter-output>
        </test-method> <!-- setup -->
        <test-method signature="aboutsPageTest()[pri:0, instance:tests.aboutPage@fd07cbb]" started-at="2025-02-28T15:12:46 PST" name="aboutsPageTest" finished-at="2025-02-28T15:13:20 PST" duration-ms="34211" status="PASS">
          <reporter-output>
          </reporter-output>
        </test-method> <!-- aboutsPageTest -->
        <test-method is-config="true" signature="teardown()[pri:0, instance:tests.aboutPage@fd07cbb]" started-at="2025-02-28T15:13:20 PST" name="teardown" finished-at="2025-02-28T15:13:20 PST" duration-ms="248" status="PASS">
          <reporter-output>
          </reporter-output>
        </test-method> <!-- teardown -->
      </class> <!-- tests.aboutPage -->
      <class name="tests.appStoreTest">
        <test-method is-config="true" signature="setup()[pri:0, instance:tests.appStoreTest@3571b748]" started-at="2025-02-28T15:13:20 PST" name="setup" finished-at="2025-02-28T15:13:21 PST" duration-ms="844" status="PASS">
          <reporter-output>
          </reporter-output>
        </test-method> <!-- setup -->
        <test-method signature="testAppStoreLink()[pri:0, instance:tests.appStoreTest@3571b748]" started-at="2025-02-28T15:13:21 PST" name="testAppStoreLink" finished-at="2025-02-28T15:13:28 PST" duration-ms="6289" status="PASS">
          <reporter-output>
          </reporter-output>
        </test-method> <!-- testAppStoreLink -->
        <test-method is-config="true" signature="teardown()[pri:0, instance:tests.appStoreTest@3571b748]" started-at="2025-02-28T15:13:28 PST" name="teardown" finished-at="2025-02-28T15:13:28 PST" duration-ms="253" status="PASS">
          <reporter-output>
          </reporter-output>
        </test-method> <!-- teardown -->
      </class> <!-- tests.appStoreTest -->
    </test> <!-- Default test -->
  </suite> <!-- Default suite -->
</testng-results>
