<?xml version="1.0" encoding="UTF-8"?>
<!-- Generated by org.testng.reporters.JUnitXMLReporter -->
<testsuite ignored="0" hostname="AL-QAD-PC001" failures="0" tests="3" name="Default test" time="50.233" errors="0" timestamp="2025-02-28T15:13:28 PST">
  <testcase classname="tests.playStoreTest" name="testPlayStoreLink" time="6.266"/>
  <testcase classname="tests.aboutPage" name="aboutsPageTest" time="34.211"/>
  <testcase classname="tests.appStoreTest" name="testAppStoreLink" time="6.289"/>
</testsuite> <!-- Default test -->
