<?xml version="1.0" encoding="UTF-8"?>
<!-- Generated by org.testng.reporters.JUnitXMLReporter -->
<testsuite ignored="0" hostname="AL-QAD-PC001" failures="0" tests="4" name="Command line test" time="88.519" errors="0" timestamp="2025-03-06T16:59:30 PST">
  <testcase classname="tests.appStoreTest" name="testAppStoreLink" time="5.096"/>
  <testcase classname="tests.playStoreTest" name="testPlayStoreLink" time="9.038"/>
  <testcase classname="tests.aboutPage" name="aboutsPageTest" time="51.723"/>
  <testcase classname="tests.joinOurCommunity" name="communitySection" time="16.2"/>
</testsuite> <!-- Command line test -->
