<?xml version="1.0" encoding="UTF-8"?>
<!-- Generated by org.testng.reporters.JUnitXMLReporter -->
<testsuite ignored="0" hostname="AL-QAD-PC001" failures="0" tests="3" name="Command line test" time="22.649" errors="0" timestamp="2025-02-28T10:30:38 PST">
  <testcase classname="tests.appStoreTest" name="testAppStoreLink" time="7.114"/>
  <testcase classname="tests.playStoreTest" name="testPlayStoreLink" time="6.815"/>
  <testcase classname="tests.aboutPage" name="aboutsPageTest" time="5.557"/>
</testsuite> <!-- Command line test -->
